<?xml version="1.0" encoding="UTF-8"?>
<!-- Generated by org.testng.reporters.JUnitReportReporter -->
<testsuite hostname="Aparna-96" failures="0" tests="1" name="com.ExcelrProject_1.Testcases" time="7.404" errors="0" timestamp="2024-01-19T10:39:19 IST" skipped="0">
  <testcase classname="com.ExcelrProject_1.Testcases" name="cartPageContinueBtnValidation" time="7.404"/>
</testsuite> <!-- com.ExcelrProject_1.Testcases -->
